2025-05-19 09:46:43 | [INFO] Mode: run | Action: scaledown | Auth Mode: password
2025-05-19 09:51:37 | [INFO] Mode: run | Action: scaledown | Auth Mode: password
2025-05-19 09:58:02 | [INFO] Mode: run | Action: scaledown | Auth Mode: password
2025-05-19 10:00:29 | [INFO] Mode: run | Action: scaledown | Auth Mode: password
2025-05-19 10:08:10 | [INFO] Mode: run | Action: scaledown | Auth Mode: password
2025-05-19 10:19:25 | [INFO] Mode: run | Action: scaledown | Auth Mode: password
2025-05-19 10:24:53 | [ERROR] Command  timed out.
2025-05-19 10:30:06 | [INFO] Mode: run | Action: scaledown | Auth Mode: password
2025-05-19 10:34:39 | [INFO] Mode: run | Action: scaledown | Auth Mode: password
2025-05-19 10:34:40 | [ERROR] Empty response received from removeHostsFromCluster API.
2025-05-19 10:37:19 | [INFO] Mode: run | Action: scaledown | Auth Mode: password
2025-05-19 10:37:21 | [ERROR] Empty response received from removeHostsFromCluster API.
2025-05-19 10:53:53 | [INFO] Mode: run | Action: scaledown | Auth Mode: password
2025-05-19 10:53:55 | [ERROR] Empty response received from removeHostsFromCluster API.
2025-05-19 11:00:29 | [INFO] Mode: run | Action: scaledown | Auth Mode: password
2025-05-19 11:00:30 | [ERROR] Empty response received from removeHostsFromCluster API.
2025-05-19 11:03:06 | [INFO] Mode: run | Action: scaledown | Auth Mode: password
2025-05-19 11:06:41 | [INFO] Mode: run | Action: scaledown | Auth Mode: password
2025-05-19 11:07:09 | [INFO] Mode: run | Action: scaledown | Auth Mode: password
2025-05-19 11:07:10 | [ERROR] Empty response received from removeHostsFromCluster API.
2025-05-19 15:20:35 | [INFO] Mode: run | Action: scaledown | Auth Mode: password
2025-05-19 15:20:37 | [ERROR] Empty response received from removeHostsFromCluster API.
2025-05-19 15:22:56 | [INFO] Mode: run | Action: scaledown | Auth Mode: password
2025-05-19 15:22:57 | [ERROR] Empty response received from removeHostsFromCluster API.
2025-05-19 15:33:23 | [INFO] Mode: run | Action: scaledown | Auth Mode: password
2025-05-19 15:33:24 | [ERROR] Empty response received from removeHostsFromCluster API.
2025-05-19 15:37:42 | [INFO] Mode: run | Action: scaledown | Auth Mode: password
2025-05-19 15:43:09 | [ERROR] Command 2872 timed out.
2025-05-19 17:02:20 | [INFO] Mode: run | Action: scaledown | Auth Mode: password
2025-05-19 17:06:43 | [ERROR] Command 2894 failed: Aborted command
2025-05-19 17:17:08 | [INFO] Mode: run | Action: scaledown | Auth Mode: password
2025-05-19 17:18:58 | [SUCCESS] Command 2978: Successfully run removeHostsFromClouderaManager command.
2025-05-19 17:18:58 | [INFO] Scale down completed.
2025-05-19 17:23:27 | [INFO] Mode: plan | Action: scaleup | Auth Mode: password
2025-05-19 17:23:27 | [PLAN] The following hosts will be processed:
2025-05-19 17:25:04 | [INFO] Mode: plan | Action: scaleup | Auth Mode: password
2025-05-19 17:25:04 | [PLAN] The following hosts will be processed:
2025-05-19 17:27:49 | [INFO] Mode: dry-run | Action: scaleup | Auth Mode: password
2025-05-19 17:28:06 | [INFO] Mode: run | Action: scaleup | Auth Mode: password
2025-05-20 10:20:51 | [INFO] Mode: plan | Action: scaleup | Auth Mode: password
2025-05-20 10:20:51 | [PLAN] The following hosts will be processed:
2025-05-20 10:20:51 | [DRY-RUN] POST http://ccycloud-1.rajeshreddy.root.comops.site:7180/api/v31/cm/commands/hostInstall
2025-05-20 10:24:59 | [INFO] Mode: plan | Action: scaleup | Auth Mode: password
2025-05-20 10:25:00 | [PLAN] The following hosts will be processed:
2025-05-20 10:25:08 | [INFO] Mode: dry-run | Action: scaleup | Auth Mode: password
2025-05-20 10:25:08 | [DRY-RUN] POST http://ccycloud-1.rajeshreddy.root.comops.site:7180/api/v31/cm/commands/hostInstall
2025-05-20 10:25:29 | [INFO] Mode: run | Action: scaleup | Auth Mode: password
2025-05-20 10:26:22 | [INFO] Mode: run | Action: scaleup | Auth Mode: password
2025-05-20 10:31:26 | [INFO] Mode: run | Action: scaleup | Auth Mode: password
2025-05-20 10:31:38 | [ERROR] Command 3118 failed: Failed to complete installation.
2025-05-20 10:35:28 | [INFO] Mode: run | Action: scaledown | Auth Mode: password
2025-05-20 10:35:51 | [SUCCESS] Command 3119: Successfully run removeHostsFromClouderaManager command.
2025-05-20 10:35:51 | [INFO] Scale down completed.
2025-05-20 10:37:21 | [INFO] Mode: run | Action: scaleup | Auth Mode: password
2025-05-20 10:37:33 | [ERROR] Command 3135 failed: Failed to complete installation.
2025-05-20 10:40:59 | [INFO] Mode: run | Action: scaledown | Auth Mode: password
2025-05-20 10:41:01 | [ERROR] Command 3136 failed: removeHostsFromClouderaManager failed.
2025-05-20 10:41:43 | [INFO] Mode: run | Action: scaleup | Auth Mode: password
2025-05-20 10:41:56 | [ERROR] Command 3140 failed: Failed to complete installation.
2025-05-20 10:42:42 | [INFO] Mode: run | Action: scaleup | Auth Mode: password
2025-05-20 10:42:55 | [ERROR] Command 3141 failed: Failed to complete installation.
2025-05-20 11:37:57 | [INFO] Mode: run | Action: scaleup | Auth Mode: password
2025-05-20 11:38:09 | [ERROR] Command 3144 failed: Failed to complete installation.
2025-05-20 11:41:34 | [INFO] Mode: run | Action: scaleup | Auth Mode: password
2025-05-20 11:41:47 | [ERROR] Command 3145 failed: Failed to complete installation.
2025-05-20 11:49:34 | [INFO] Mode: run | Action: scaleup | Auth Mode: password
2025-05-20 11:49:48 | [ERROR] Command 3146 failed: Failed to complete installation.
2025-05-20 12:53:55 | [INFO] Mode: run | Action: scaledown | Auth Mode: password
2025-05-20 12:53:57 | [SUCCESS] Command 3151: Successfully run removeHostsFromClouderaManager command.
2025-05-20 12:53:57 | [INFO] Scale down completed.
2025-05-20 13:09:24 | [INFO] Mode: run | Action: scaleup | Auth Mode: password
2025-05-20 13:09:36 | [ERROR] Command 3156 failed: Failed to complete installation.
2025-05-20 13:14:46 | [INFO] Mode: run | Action: scaledown | Auth Mode: password
2025-05-20 13:14:48 | [ERROR] Command 3158 failed: removeHostsFromClouderaManager failed.
2025-05-20 13:14:53 | [INFO] Mode: run | Action: scaleup | Auth Mode: password
2025-05-20 13:15:39 | [SUCCESS] Command 3162: Successfully completed installation.
2025-05-20 13:15:39 | [INFO] Scale up completed successfully.
2025-05-20 13:39:31 | [INFO] Mode: run | Action: scaledown | Auth Mode: password
2025-05-20 13:39:33 | [SUCCESS] Command 3166: Successfully run removeHostsFromClouderaManager command.
2025-05-20 13:39:33 | [INFO] Scale down completed.
2025-05-20 13:42:16 | [INFO] Mode: run | Action: scaleup | Auth Mode: password
2025-05-20 13:43:00 | [SUCCESS] Command 3170: Successfully completed installation.
2025-05-20 13:50:42 | [INFO] Mode: run | Action: scaledown | Auth Mode: password
2025-05-20 13:50:58 | [INFO] Mode: run | Action: scaledown | Auth Mode: password
2025-05-20 13:51:49 | [INFO] Mode: run | Action: scaledown | Auth Mode: password
2025-05-20 13:51:50 | [ERROR] Empty response received from removeHostsFromCluster API.
2025-05-20 13:53:51 | [INFO] Mode: run | Action: scaledown | Auth Mode: password
2025-05-20 13:53:53 | [SUCCESS] Command 3173: Successfully run removeHostsFromClouderaManager command.
2025-05-20 13:53:53 | [INFO] Scale down completed.
2025-05-20 13:54:06 | [INFO] Mode: run | Action: scaleup | Auth Mode: password
2025-05-20 13:54:52 | [SUCCESS] Command 3178: Successfully completed installation.
2025-05-20 14:03:18 | [INFO] Mode: run | Action: scaledown | Auth Mode: password
2025-05-20 14:03:20 | [SUCCESS] Command 3182: Successfully run removeHostsFromClouderaManager command.
2025-05-20 14:03:20 | [INFO] Scale down completed.
2025-05-20 14:03:26 | [INFO] Mode: run | Action: scaleup | Auth Mode: password
2025-05-20 14:04:11 | [SUCCESS] Command 3187: Successfully completed installation.
2025-05-20 14:06:07 | [INFO] Mode: run | Action: scaledown | Auth Mode: password
2025-05-20 14:06:09 | [SUCCESS] Command 3190: Successfully run removeHostsFromClouderaManager command.
2025-05-20 14:06:09 | [INFO] Scale down completed.
2025-05-20 14:06:55 | [INFO] Mode: run | Action: scaleup | Auth Mode: password
2025-05-20 14:07:52 | [SUCCESS] Command 3195: Successfully completed installation.
2025-05-20 14:14:39 | [INFO] Mode: run | Action: scaledown | Auth Mode: password
2025-05-20 14:14:42 | [SUCCESS] Command 3198: Successfully run removeHostsFromClouderaManager command.
2025-05-20 14:14:42 | [INFO] Scale down completed.
2025-05-20 14:16:21 | [INFO] Mode: run | Action: scaleup | Auth Mode: password
2025-05-20 14:17:06 | [SUCCESS] Command 3203: Successfully completed installation.
2025-05-20 14:20:50 | [INFO] Mode: run | Action: scaledown | Auth Mode: password
2025-05-20 14:20:52 | [SUCCESS] Command 3206: Successfully run removeHostsFromClouderaManager command.
2025-05-20 14:20:52 | [INFO] Scale down completed.
2025-05-20 14:21:04 | [INFO] Mode: run | Action: scaleup | Auth Mode: password
2025-05-20 14:21:50 | [SUCCESS] Command 3211: Successfully completed installation.
2025-05-20 14:27:21 | [ERROR] Command null timed out.
2025-05-20 15:41:54 | [INFO] Mode: run | Action: scaledown | Auth Mode: password
2025-05-20 15:43:57 | [SUCCESS] Command 3219: Successfully run removeHostsFromClouderaManager command.
2025-05-20 15:43:57 | [INFO] Scale down completed.
2025-05-20 15:44:39 | [INFO] Mode: run | Action: scaleup | Auth Mode: password
2025-05-20 15:45:24 | [SUCCESS] Command 3233: Successfully completed installation.
2025-05-20 15:45:28 | [INFO] Waiting for parcel activation on all new hosts...
2025-05-20 15:45:28 | [INFO] Parcel activation in progress. [0/2 activated]. Attempt 1 of 60...
2025-05-20 15:45:39 | [INFO] Parcel activation in progress. [0/2 activated]. Attempt 2 of 60...
2025-05-20 15:45:50 | [INFO] Parcel activation in progress. [0/2 activated]. Attempt 3 of 60...
2025-05-20 15:46:01 | [INFO] Parcel activation in progress. [0/2 activated]. Attempt 4 of 60...
2025-05-20 15:46:12 | [INFO] Parcel activation in progress. [0/2 activated]. Attempt 5 of 60...
2025-05-20 15:46:23 | [INFO] Parcel activation in progress. [0/2 activated]. Attempt 6 of 60...
2025-05-20 15:46:34 | [INFO] Parcel activation in progress. [0/2 activated]. Attempt 7 of 60...
2025-05-20 15:46:45 | [INFO] Parcel activation in progress. [0/2 activated]. Attempt 8 of 60...
2025-05-20 15:46:57 | [INFO] Parcel activation in progress. [0/2 activated]. Attempt 9 of 60...
2025-05-20 15:47:08 | [INFO] Parcel activation in progress. [0/2 activated]. Attempt 10 of 60...
2025-05-20 15:47:19 | [INFO] Parcel activation in progress. [0/2 activated]. Attempt 11 of 60...
2025-05-20 15:47:30 | [INFO] Parcel activation in progress. [0/2 activated]. Attempt 12 of 60...
2025-05-20 15:47:41 | [INFO] Parcel activation in progress. [0/2 activated]. Attempt 13 of 60...
2025-05-20 15:47:52 | [INFO] Parcel activation in progress. [0/2 activated]. Attempt 14 of 60...
2025-05-20 15:48:02 | [INFO] Parcel activation in progress. [0/2 activated]. Attempt 15 of 60...
2025-05-20 15:48:13 | [INFO] Parcel activation in progress. [0/2 activated]. Attempt 16 of 60...
2025-05-20 15:48:24 | [INFO] Parcel activation in progress. [0/2 activated]. Attempt 17 of 60...
2025-05-20 15:48:35 | [INFO] Parcel activation in progress. [0/2 activated]. Attempt 18 of 60...
2025-05-20 15:48:46 | [INFO] Parcel activation in progress. [0/2 activated]. Attempt 19 of 60...
2025-05-20 15:48:57 | [INFO] Parcel activation in progress. [1/2 activated]. Attempt 20 of 60...
2025-05-20 15:49:08 | [INFO] Parcel activation in progress. [1/2 activated]. Attempt 21 of 60...
2025-05-20 15:49:19 | [INFO] Parcel activation in progress. [1/2 activated]. Attempt 22 of 60...
2025-05-20 15:49:30 | [INFO] Parcel activation in progress. [1/2 activated]. Attempt 23 of 60...
2025-05-20 15:49:41 | [INFO] Parcel activation in progress. [1/2 activated]. Attempt 24 of 60...
2025-05-20 15:49:52 | [INFO] Parcel activation in progress. [1/2 activated]. Attempt 25 of 60...
2025-05-20 15:50:03 | [INFO] Parcel activation in progress. [1/2 activated]. Attempt 26 of 60...
2025-05-20 15:50:13 | [INFO] Parcel activation in progress. [1/2 activated]. Attempt 27 of 60...
2025-05-20 15:50:24 | [INFO] Parcel activation in progress. [1/2 activated]. Attempt 28 of 60...
2025-05-20 15:50:35 | [INFO] Parcel activation in progress. [1/2 activated]. Attempt 29 of 60...
2025-05-20 15:50:47 | [INFO] Mode: run | Action: scaledown | Auth Mode: password
2025-05-20 15:50:49 | [SUCCESS] Command 3236: Successfully run removeHostsFromClouderaManager command.
2025-05-20 15:50:49 | [INFO] Scale down completed.
2025-05-20 15:52:55 | [INFO] Mode: run | Action: scaleup | Auth Mode: password
2025-05-20 15:53:41 | [SUCCESS] Command 3241: Successfully completed installation.
2025-05-20 15:53:43 | [INFO] Waiting for parcel activation on all new hosts...
2025-05-20 15:53:44 | [INFO] All parcels are activated. Proceeding.
2025-05-20 15:57:17 | [INFO] Mode: run | Action: scaledown | Auth Mode: password
2025-05-20 15:57:19 | [SUCCESS] Command 3244: Successfully run removeHostsFromClouderaManager command.
2025-05-20 15:57:19 | [INFO] Scale down completed.
2025-05-20 15:57:35 | [INFO] Mode: run | Action: scaleup | Auth Mode: password
2025-05-20 15:58:21 | [SUCCESS] Command 3249: Successfully completed installation.
2025-05-20 15:58:23 | [INFO] Waiting for parcel activation on all new hosts...
2025-05-20 15:58:24 | [INFO] Parcel activation in progress. [0/2 activated]. Attempt 1 of 60...
2025-05-20 15:58:35 | [INFO] Parcel activation in progress. [0/2 activated]. Attempt 2 of 60...
2025-05-20 15:58:46 | [INFO] Parcel activation in progress. [0/2 activated]. Attempt 3 of 60...
2025-05-20 15:58:57 | [INFO] Parcel activation in progress. [0/2 activated]. Attempt 4 of 60...
2025-05-20 15:59:07 | [INFO] Parcel activation in progress. [0/2 activated]. Attempt 5 of 60...
2025-05-20 15:59:18 | [INFO] Parcel activation in progress. [0/2 activated]. Attempt 6 of 60...
2025-05-20 15:59:29 | [INFO] Parcel activation in progress. [0/2 activated]. Attempt 7 of 60...
2025-05-20 15:59:40 | [INFO] Parcel activation in progress. [0/2 activated]. Attempt 8 of 60...
2025-05-20 15:59:51 | [INFO] Parcel activation in progress. [0/2 activated]. Attempt 9 of 60...
2025-05-20 16:00:01 | [INFO] Parcel activation in progress. [0/2 activated]. Attempt 10 of 60...
2025-05-20 16:00:12 | [INFO] Parcel activation in progress. [0/2 activated]. Attempt 11 of 60...
2025-05-20 16:00:23 | [INFO] Parcel activation in progress. [0/2 activated]. Attempt 12 of 60...
2025-05-20 16:00:34 | [INFO] Parcel activation in progress. [0/2 activated]. Attempt 13 of 60...
2025-05-20 16:00:45 | [INFO] Parcel activation in progress. [0/2 activated]. Attempt 14 of 60...
2025-05-20 16:00:56 | [INFO] Parcel activation in progress. [0/2 activated]. Attempt 15 of 60...
2025-05-20 16:01:07 | [INFO] Parcel activation in progress. [0/2 activated]. Attempt 16 of 60...
2025-05-20 16:01:18 | [INFO] Parcel activation in progress. [0/2 activated]. Attempt 17 of 60...
2025-05-20 16:01:29 | [INFO] Parcel activation in progress. [0/2 activated]. Attempt 18 of 60...
2025-05-20 16:01:40 | [INFO] Parcel activation in progress. [0/2 activated]. Attempt 19 of 60...
2025-05-20 16:01:51 | [INFO] Parcel activation in progress. [0/2 activated]. Attempt 20 of 60...
2025-05-20 16:02:01 | [INFO] All parcels are activated. Proceeding.
2025-05-20 16:07:30 | [ERROR] Command -1 timed out.
2025-05-20 16:22:04 | [INFO] Mode: run | Action: scaledown | Auth Mode: password
2025-05-20 16:22:39 | [SUCCESS] Command 3266: Successfully run removeHostsFromClouderaManager command.
2025-05-20 16:22:39 | [INFO] Scale down completed.
2025-05-20 16:29:49 | [INFO] Mode: run | Action: scaleup | Auth Mode: password
2025-05-20 16:30:23 | [SUCCESS] Command 3311: Successfully completed installation.
2025-05-20 16:30:25 | [INFO] Waiting for parcel activation on all new hosts...
2025-05-20 16:30:26 | [INFO] Parcel activation in progress. [0/2 activated]. Attempt 1 of 60...
2025-05-20 16:30:38 | [INFO] Parcel activation in progress. [0/2 activated]. Attempt 2 of 60...
2025-05-20 16:30:49 | [INFO] Parcel activation in progress. [0/2 activated]. Attempt 3 of 60...
2025-05-20 16:31:00 | [INFO] Parcel activation in progress. [0/2 activated]. Attempt 4 of 60...
2025-05-20 16:31:11 | [INFO] Parcel activation in progress. [0/2 activated]. Attempt 5 of 60...
2025-05-20 16:31:22 | [INFO] Parcel activation in progress. [0/2 activated]. Attempt 6 of 60...
2025-05-20 16:31:32 | [INFO] Parcel activation in progress. [0/2 activated]. Attempt 7 of 60...
2025-05-20 16:31:43 | [INFO] Parcel activation in progress. [0/2 activated]. Attempt 8 of 60...
2025-05-20 16:31:54 | [INFO] Parcel activation in progress. [0/2 activated]. Attempt 9 of 60...
2025-05-20 16:32:05 | [INFO] Parcel activation in progress. [0/2 activated]. Attempt 10 of 60...
2025-05-20 16:32:17 | [INFO] Parcel activation in progress. [0/2 activated]. Attempt 11 of 60...
2025-05-20 16:32:28 | [INFO] Parcel activation in progress. [0/2 activated]. Attempt 12 of 60...
2025-05-20 16:32:39 | [INFO] Parcel activation in progress. [0/2 activated]. Attempt 13 of 60...
2025-05-20 16:32:50 | [INFO] Parcel activation in progress. [0/2 activated]. Attempt 14 of 60...
2025-05-20 16:33:01 | [INFO] Parcel activation in progress. [0/2 activated]. Attempt 15 of 60...
2025-05-20 16:33:12 | [INFO] Parcel activation in progress. [0/2 activated]. Attempt 16 of 60...
2025-05-20 16:33:23 | [INFO] Parcel activation in progress. [0/2 activated]. Attempt 17 of 60...
2025-05-20 16:33:34 | [INFO] Parcel activation in progress. [0/2 activated]. Attempt 18 of 60...
2025-05-20 16:33:44 | [INFO] Parcel activation in progress. [0/2 activated]. Attempt 19 of 60...
2025-05-20 16:33:56 | [INFO] All parcels are activated. Proceeding.
2025-05-20 16:35:03 | [SUCCESS] Command 3313: Successfully started all the roles on selected hosts.
2025-05-20 16:35:04 | [ERROR] Some hosts missing correct tag: ccycloud-3.rajeshreddy.root.comops.site
2025-05-20 16:49:29 | [INFO] Mode: run | Action: scaledown | Auth Mode: password
2025-05-20 16:49:52 | [SUCCESS] Command 3326: Successfully run removeHostsFromClouderaManager command.
2025-05-20 16:49:52 | [INFO] Scale down completed.
2025-05-20 16:57:40 | [INFO] Mode: run | Action: scaledown | Auth Mode: password
2025-05-20 16:57:42 | [SUCCESS] Command 3342: Successfully run removeHostsFromClouderaManager command.
2025-05-20 16:57:42 | [INFO] Scale down completed.
2025-05-20 16:58:39 | [INFO] Mode: run | Action: scaleup | Auth Mode: password
2025-05-20 16:59:35 | [SUCCESS] Command 3346: Successfully completed installation.
2025-05-20 16:59:40 | [INFO] Waiting for parcel activation on all new hosts...
2025-05-20 16:59:41 | [INFO] Parcel activation in progress. [0/2 activated]. Attempt 1 of 60...
2025-05-20 16:59:52 | [INFO] Parcel activation in progress. [0/2 activated]. Attempt 2 of 60...
2025-05-20 17:00:03 | [INFO] Parcel activation in progress. [0/2 activated]. Attempt 3 of 60...
2025-05-20 17:00:14 | [INFO] Parcel activation in progress. [0/2 activated]. Attempt 4 of 60...
2025-05-20 17:00:25 | [INFO] Parcel activation in progress. [0/2 activated]. Attempt 5 of 60...
2025-05-20 17:00:36 | [INFO] Parcel activation in progress. [0/2 activated]. Attempt 6 of 60...
2025-05-20 17:00:48 | [INFO] Parcel activation in progress. [0/2 activated]. Attempt 7 of 60...
2025-05-20 17:00:59 | [INFO] Parcel activation in progress. [0/2 activated]. Attempt 8 of 60...
2025-05-20 17:01:09 | [INFO] Parcel activation in progress. [0/2 activated]. Attempt 9 of 60...
2025-05-20 17:01:20 | [INFO] Parcel activation in progress. [0/2 activated]. Attempt 10 of 60...
2025-05-20 17:01:31 | [INFO] Parcel activation in progress. [0/2 activated]. Attempt 11 of 60...
2025-05-20 17:01:42 | [INFO] Parcel activation in progress. [0/2 activated]. Attempt 12 of 60...
2025-05-20 17:01:53 | [INFO] Parcel activation in progress. [0/2 activated]. Attempt 13 of 60...
2025-05-20 17:02:04 | [INFO] Parcel activation in progress. [0/2 activated]. Attempt 14 of 60...
2025-05-20 17:02:15 | [INFO] Parcel activation in progress. [0/2 activated]. Attempt 15 of 60...
2025-05-20 17:02:25 | [INFO] Parcel activation in progress. [0/2 activated]. Attempt 16 of 60...
2025-05-20 17:02:38 | [INFO] Parcel activation in progress. [0/2 activated]. Attempt 17 of 60...
2025-05-20 17:02:49 | [INFO] Parcel activation in progress. [0/2 activated]. Attempt 18 of 60...
2025-05-20 17:03:00 | [INFO] Parcel activation in progress. [0/2 activated]. Attempt 19 of 60...
2025-05-20 17:03:11 | [INFO] Parcel activation in progress. [0/2 activated]. Attempt 20 of 60...
2025-05-20 17:03:22 | [INFO] Parcel activation in progress. [0/2 activated]. Attempt 21 of 60...
2025-05-20 17:03:33 | [INFO] All parcels are activated. Proceeding.
2025-05-20 17:04:30 | [SUCCESS] Command 3350: Successfully started all the roles on selected hosts.
2025-05-20 17:04:31 | [ERROR] Some hosts missing correct tag: ccycloud-3.rajeshreddy.root.comops.site
2025-05-20 17:09:24 | [INFO] Mode: run | Action: scaledown | Auth Mode: password
2025-05-20 17:10:00 | [SUCCESS] Command 3363: Successfully run removeHostsFromClouderaManager command.
2025-05-20 17:10:00 | [INFO] Scale down completed.
2025-05-20 17:13:45 | [INFO] Mode: run | Action: scaleup | Auth Mode: password
2025-05-20 17:14:29 | [SUCCESS] Command 3379: Successfully completed installation.
2025-05-20 17:14:31 | [INFO] Waiting for parcel activation on all new hosts...
2025-05-20 17:14:32 | [INFO] Parcel activation in progress. [0/2 activated]. Attempt 1 of 60...
2025-05-20 17:14:43 | [INFO] Parcel activation in progress. [0/2 activated]. Attempt 2 of 60...
2025-05-20 17:14:54 | [INFO] Parcel activation in progress. [0/2 activated]. Attempt 3 of 60...
2025-05-20 17:15:05 | [INFO] Parcel activation in progress. [0/2 activated]. Attempt 4 of 60...
2025-05-20 17:15:16 | [INFO] Parcel activation in progress. [0/2 activated]. Attempt 5 of 60...
2025-05-20 17:15:27 | [INFO] Parcel activation in progress. [0/2 activated]. Attempt 6 of 60...
2025-05-20 17:15:38 | [INFO] Parcel activation in progress. [0/2 activated]. Attempt 7 of 60...
2025-05-20 17:15:48 | [INFO] Parcel activation in progress. [0/2 activated]. Attempt 8 of 60...
2025-05-20 17:15:59 | [INFO] Parcel activation in progress. [0/2 activated]. Attempt 9 of 60...
2025-05-20 17:16:10 | [INFO] Parcel activation in progress. [0/2 activated]. Attempt 10 of 60...
2025-05-20 17:16:21 | [INFO] Parcel activation in progress. [0/2 activated]. Attempt 11 of 60...
2025-05-20 17:16:32 | [INFO] Parcel activation in progress. [0/2 activated]. Attempt 12 of 60...
2025-05-20 17:16:43 | [INFO] Parcel activation in progress. [0/2 activated]. Attempt 13 of 60...
2025-05-20 17:16:53 | [INFO] Parcel activation in progress. [0/2 activated]. Attempt 14 of 60...
2025-05-20 17:17:04 | [INFO] Parcel activation in progress. [0/2 activated]. Attempt 15 of 60...
2025-05-20 17:17:15 | [INFO] Parcel activation in progress. [0/2 activated]. Attempt 16 of 60...
2025-05-20 17:17:26 | [INFO] Parcel activation in progress. [0/2 activated]. Attempt 17 of 60...
2025-05-20 17:17:37 | [INFO] Parcel activation in progress. [0/2 activated]. Attempt 18 of 60...
2025-05-20 17:17:48 | [INFO] Parcel activation in progress. [0/2 activated]. Attempt 19 of 60...
2025-05-20 17:17:59 | [INFO] Parcel activation in progress. [0/2 activated]. Attempt 20 of 60...
2025-05-20 17:18:10 | [INFO] Parcel activation in progress. [0/2 activated]. Attempt 21 of 60...
2025-05-20 17:18:21 | [INFO] All parcels are activated. Proceeding.
2025-05-20 17:19:27 | [SUCCESS] Command 3381: Successfully started all the roles on selected hosts.
2025-05-20 17:20:34 | [SUCCESS] Command 3393: Client configuration deployed and roles refreshed.
2025-05-20 17:20:34 | [INFO] Scale up completed successfully.
2025-05-20 17:23:44 | [INFO] Mode: run | Action: scaledown | Auth Mode: password
2025-05-20 17:24:07 | [SUCCESS] Command 3423: Successfully run removeHostsFromClouderaManager command.
2025-05-20 17:25:14 | [SUCCESS] Command 3439: Client configuration deployed and roles refreshed.
2025-05-20 17:25:14 | [INFO] Scale down completed.
2025-05-20 17:30:49 | [INFO] Mode: run | Action: scaleup | Auth Mode: password
2025-05-20 17:31:34 | [SUCCESS] Command 3468: Successfully completed installation.
2025-05-20 17:31:38 | [INFO] Waiting for parcel activation on all new hosts...
2025-05-20 17:31:39 | [INFO] Parcel activation in progress. [0/2 activated]. Attempt 1 of 60...
2025-05-20 17:31:50 | [INFO] Parcel activation in progress. [0/2 activated]. Attempt 2 of 60...
2025-05-20 17:32:01 | [INFO] Parcel activation in progress. [0/2 activated]. Attempt 3 of 60...
2025-05-20 17:32:12 | [INFO] Parcel activation in progress. [0/2 activated]. Attempt 4 of 60...
2025-05-20 17:32:23 | [INFO] Parcel activation in progress. [0/2 activated]. Attempt 5 of 60...
2025-05-20 17:32:33 | [INFO] Parcel activation in progress. [0/2 activated]. Attempt 6 of 60...
2025-05-20 17:32:44 | [INFO] Parcel activation in progress. [0/2 activated]. Attempt 7 of 60...
2025-05-20 17:32:55 | [INFO] Parcel activation in progress. [0/2 activated]. Attempt 8 of 60...
2025-05-20 17:33:06 | [INFO] Parcel activation in progress. [0/2 activated]. Attempt 9 of 60...
2025-05-20 17:33:17 | [INFO] Parcel activation in progress. [0/2 activated]. Attempt 10 of 60...
2025-05-20 17:33:28 | [INFO] Parcel activation in progress. [0/2 activated]. Attempt 11 of 60...
2025-05-20 17:33:39 | [INFO] Parcel activation in progress. [0/2 activated]. Attempt 12 of 60...
2025-05-20 17:33:50 | [INFO] Parcel activation in progress. [0/2 activated]. Attempt 13 of 60...
2025-05-20 17:34:00 | [INFO] Parcel activation in progress. [0/2 activated]. Attempt 14 of 60...
2025-05-20 17:34:11 | [INFO] Parcel activation in progress. [0/2 activated]. Attempt 15 of 60...
2025-05-20 17:34:22 | [INFO] Parcel activation in progress. [0/2 activated]. Attempt 16 of 60...
2025-05-20 17:34:33 | [INFO] Parcel activation in progress. [0/2 activated]. Attempt 17 of 60...
2025-05-20 17:34:44 | [INFO] Parcel activation in progress. [0/2 activated]. Attempt 18 of 60...
2025-05-20 17:34:55 | [INFO] Parcel activation in progress. [0/2 activated]. Attempt 19 of 60...
2025-05-20 17:35:07 | [INFO] All parcels are activated. Proceeding.
2025-05-20 17:36:13 | [SUCCESS] Command 3470: Successfully started all the roles on selected hosts.
2025-05-20 17:37:21 | [SUCCESS] Command 3482: Client configuration deployed and roles refreshed.
2025-05-20 17:37:21 | [INFO] Scale up completed successfully.
2025-05-21 10:04:34 | [INFO] Mode: run | Action: scaledown | Auth Mode: password
2025-05-21 10:04:57 | [SUCCESS] Command 3546: Successfully run removeHostsFromClouderaManager command.
2025-05-21 10:06:04 | [SUCCESS] Command 3562: Client configuration deployed and roles refreshed.
2025-05-21 10:06:04 | [INFO] Scale down completed.
2025-05-21 10:11:17 | [INFO] Mode: run | Action: scaleup | Auth Mode: password
2025-05-21 10:16:21 | [SUCCESS] Command 3590: Successfully completed installation.
2025-05-21 10:16:23 | [INFO] Waiting for parcel activation on all new hosts...
2025-05-21 10:16:24 | [INFO] Parcel activation in progress. [0/2 activated]. Attempt 1 of 60...
2025-05-21 10:16:35 | [INFO] Parcel activation in progress. [0/2 activated]. Attempt 2 of 60...
2025-05-21 10:16:45 | [INFO] Parcel activation in progress. [0/2 activated]. Attempt 3 of 60...
2025-05-21 10:16:56 | [INFO] Parcel activation in progress. [0/2 activated]. Attempt 4 of 60...
2025-05-21 10:17:07 | [INFO] Parcel activation in progress. [0/2 activated]. Attempt 5 of 60...
2025-05-21 10:17:18 | [INFO] Parcel activation in progress. [0/2 activated]. Attempt 6 of 60...
2025-05-21 10:17:29 | [INFO] Parcel activation in progress. [0/2 activated]. Attempt 7 of 60...
2025-05-21 10:17:39 | [INFO] Parcel activation in progress. [0/2 activated]. Attempt 8 of 60...
2025-05-21 10:17:51 | [INFO] Parcel activation in progress. [0/2 activated]. Attempt 9 of 60...
2025-05-21 10:18:01 | [INFO] Parcel activation in progress. [0/2 activated]. Attempt 10 of 60...
2025-05-21 10:18:12 | [INFO] Parcel activation in progress. [0/2 activated]. Attempt 11 of 60...
2025-05-21 10:18:23 | [INFO] Parcel activation in progress. [0/2 activated]. Attempt 12 of 60...
2025-05-21 10:18:34 | [INFO] Parcel activation in progress. [0/2 activated]. Attempt 13 of 60...
2025-05-21 10:18:44 | [INFO] Parcel activation in progress. [0/2 activated]. Attempt 14 of 60...
2025-05-21 10:18:56 | [INFO] Parcel activation in progress. [0/2 activated]. Attempt 15 of 60...
2025-05-21 10:19:06 | [INFO] Parcel activation in progress. [0/2 activated]. Attempt 16 of 60...
2025-05-21 10:19:17 | [INFO] Parcel activation in progress. [0/2 activated]. Attempt 17 of 60...
2025-05-21 10:19:28 | [INFO] Parcel activation in progress. [0/2 activated]. Attempt 18 of 60...
2025-05-21 10:19:39 | [INFO] Parcel activation in progress. [0/2 activated]. Attempt 19 of 60...
2025-05-21 10:19:49 | [INFO] Parcel activation in progress. [0/2 activated]. Attempt 20 of 60...
2025-05-21 10:20:00 | [INFO] Parcel activation in progress. [0/2 activated]. Attempt 21 of 60...
2025-05-21 10:20:11 | [INFO] Parcel activation in progress. [0/2 activated]. Attempt 22 of 60...
2025-05-21 10:20:22 | [INFO] Parcel activation in progress. [0/2 activated]. Attempt 23 of 60...
2025-05-21 10:20:33 | [INFO] All parcels are activated. Proceeding.
2025-05-21 10:21:39 | [SUCCESS] Command 3594: Successfully started all the roles on selected hosts.
2025-05-21 10:22:47 | [SUCCESS] Command 3607: Client configuration deployed and roles refreshed.
2025-05-21 10:22:47 | [INFO] Scale up completed successfully.
2025-05-21 10:28:53 | [INFO] Mode: run | Action: scaledown | Auth Mode: run
2025-05-21 10:29:29 | [SUCCESS] Command 3639: Successfully run removeHostsFromClouderaManager command.
2025-05-21 10:30:39 | [SUCCESS] Command 3657: Client configuration deployed and roles refreshed.
2025-05-21 10:30:39 | [INFO] Scale down completed.
2025-05-21 10:42:19 | [INFO] Mode: run | Action: scaleup | Auth Mode: run
2025-05-21 10:43:04 | [SUCCESS] Command 3685: Successfully completed installation.
2025-05-21 10:43:06 | [INFO] Waiting for parcel activation on all new hosts...
2025-05-21 10:43:06 | [INFO] Parcel activation in progress. [0/2 activated]. Attempt 1 of 60...
2025-05-21 10:43:18 | [INFO] Parcel activation in progress. [0/2 activated]. Attempt 2 of 60...
2025-05-21 10:43:28 | [INFO] Parcel activation in progress. [0/2 activated]. Attempt 3 of 60...
2025-05-21 10:43:39 | [INFO] Parcel activation in progress. [0/2 activated]. Attempt 4 of 60...
2025-05-21 10:43:50 | [INFO] Parcel activation in progress. [0/2 activated]. Attempt 5 of 60...
2025-05-21 10:44:01 | [INFO] Parcel activation in progress. [0/2 activated]. Attempt 6 of 60...
2025-05-21 10:44:12 | [INFO] Parcel activation in progress. [0/2 activated]. Attempt 7 of 60...
2025-05-21 10:44:23 | [INFO] Parcel activation in progress. [0/2 activated]. Attempt 8 of 60...
2025-05-21 10:44:33 | [INFO] Parcel activation in progress. [0/2 activated]. Attempt 9 of 60...
2025-05-21 10:44:44 | [INFO] Parcel activation in progress. [0/2 activated]. Attempt 10 of 60...
2025-05-21 10:44:55 | [INFO] Parcel activation in progress. [0/2 activated]. Attempt 11 of 60...
2025-05-21 10:45:06 | [INFO] Parcel activation in progress. [0/2 activated]. Attempt 12 of 60...
2025-05-21 10:45:17 | [INFO] Parcel activation in progress. [0/2 activated]. Attempt 13 of 60...
2025-05-21 10:45:28 | [INFO] Parcel activation in progress. [0/2 activated]. Attempt 14 of 60...
2025-05-21 10:45:39 | [INFO] Parcel activation in progress. [0/2 activated]. Attempt 15 of 60...
2025-05-21 10:45:49 | [INFO] Parcel activation in progress. [0/2 activated]. Attempt 16 of 60...
2025-05-21 10:46:00 | [INFO] Parcel activation in progress. [0/2 activated]. Attempt 17 of 60...
2025-05-21 10:46:11 | [INFO] Parcel activation in progress. [0/2 activated]. Attempt 18 of 60...
2025-05-21 10:46:22 | [INFO] Parcel activation in progress. [0/2 activated]. Attempt 19 of 60...
2025-05-21 10:46:33 | [INFO] Parcel activation in progress. [0/2 activated]. Attempt 20 of 60...
2025-05-21 10:46:44 | [INFO] Parcel activation in progress. [0/2 activated]. Attempt 21 of 60...
2025-05-21 10:46:54 | [INFO] All parcels are activated. Proceeding.
2025-05-21 10:48:02 | [SUCCESS] Command 3687: Successfully started all the roles on selected hosts.
2025-05-21 10:49:09 | [SUCCESS] Command 3700: Client configuration deployed and roles refreshed.
2025-05-21 10:49:09 | [INFO] Scale up completed successfully.
2025-05-21 10:49:09 | [INFO] Total time taken: 410 seconds.
2025-05-21 11:03:54 | [INFO] Mode: run | Action: scaledown | Auth Mode: run
2025-05-21 11:04:28 | [SUCCESS] Command 3732: Successfully run removeHostsFromClouderaManager command.
2025-05-21 11:05:36 | [SUCCESS] Command 3750: Client configuration deployed and roles refreshed.
2025-05-21 11:05:36 | [INFO] Scale down completed.
2025-05-21 11:05:36 | [INFO] Step [remove_hosts] took 1 minutes and 42 seconds.
2025-05-21 11:05:36 | [INFO] Total time taken: 102 seconds.
2025-05-21 11:08:51 | [INFO] Mode: run | Action: scaleup | Auth Mode: run
2025-05-21 11:09:36 | [SUCCESS] Command 3778: Successfully completed installation.
2025-05-21 11:09:36 | [INFO] Step [install_hosts] took 0 minutes and 45 seconds.
2025-05-21 11:09:37 | [INFO] Step [register_in_cluster] took 0 minutes and 1 seconds.
2025-05-21 11:09:38 | [INFO] Step [verify_commission] took 0 minutes and 1 seconds.
2025-05-21 11:09:38 | [INFO] Waiting for parcel activation on all new hosts...
2025-05-21 11:09:39 | [INFO] Parcel activation in progress. [0/2 activated]. Attempt 1 of 60...
2025-05-21 11:09:49 | [INFO] Parcel activation in progress. [0/2 activated]. Attempt 2 of 60...
2025-05-21 11:10:00 | [INFO] Parcel activation in progress. [0/2 activated]. Attempt 3 of 60...
2025-05-21 11:10:11 | [INFO] Parcel activation in progress. [0/2 activated]. Attempt 4 of 60...
2025-05-21 11:10:22 | [INFO] Parcel activation in progress. [0/2 activated]. Attempt 5 of 60...
2025-05-21 11:10:33 | [INFO] Parcel activation in progress. [0/2 activated]. Attempt 6 of 60...
2025-05-21 11:10:43 | [INFO] Parcel activation in progress. [0/2 activated]. Attempt 7 of 60...
2025-05-21 11:10:54 | [INFO] Parcel activation in progress. [0/2 activated]. Attempt 8 of 60...
2025-05-21 11:11:05 | [INFO] Parcel activation in progress. [0/2 activated]. Attempt 9 of 60...
2025-05-21 11:11:16 | [INFO] Parcel activation in progress. [0/2 activated]. Attempt 10 of 60...
2025-05-21 11:11:27 | [INFO] Parcel activation in progress. [0/2 activated]. Attempt 11 of 60...
2025-05-21 11:11:38 | [INFO] Parcel activation in progress. [0/2 activated]. Attempt 12 of 60...
2025-05-21 11:11:48 | [INFO] Parcel activation in progress. [0/2 activated]. Attempt 13 of 60...
2025-05-21 11:11:59 | [INFO] Parcel activation in progress. [0/2 activated]. Attempt 14 of 60...
2025-05-21 11:12:10 | [INFO] Parcel activation in progress. [0/2 activated]. Attempt 15 of 60...
2025-05-21 11:12:21 | [INFO] Parcel activation in progress. [0/2 activated]. Attempt 16 of 60...
2025-05-21 11:12:32 | [INFO] Parcel activation in progress. [0/2 activated]. Attempt 17 of 60...
2025-05-21 11:12:43 | [INFO] Parcel activation in progress. [0/2 activated]. Attempt 18 of 60...
2025-05-21 11:12:54 | [INFO] Parcel activation in progress. [0/2 activated]. Attempt 19 of 60...
2025-05-21 11:13:04 | [INFO] Parcel activation in progress. [0/2 activated]. Attempt 20 of 60...
2025-05-21 11:13:16 | [INFO] Parcel activation in progress. [0/2 activated]. Attempt 21 of 60...
2025-05-21 11:13:26 | [INFO] All parcels are activated. Proceeding.
2025-05-21 11:13:26 | [INFO] Step [wait_for_parcel_activation] took 3 minutes and 48 seconds.
2025-05-21 11:14:34 | [SUCCESS] Command 3780: Successfully started all the roles on selected hosts.
2025-05-21 11:14:34 | [INFO] Step [apply_host_template] took 1 minutes and 8 seconds.
2025-05-21 11:14:34 | [INFO] Step [verify_tags] took 0 minutes and 0 seconds.
2025-05-21 11:15:43 | [SUCCESS] Command 3793: Client configuration deployed and roles refreshed.
2025-05-21 11:15:43 | [INFO] Scale up completed successfully.
2025-05-21 11:15:43 | [INFO] Step [apply_stale_configs] took 1 minutes and 9 seconds.
2025-05-21 11:18:40 | [INFO] Mode: run | Action: scaledown | Auth Mode: run
2025-05-21 11:19:14 | [SUCCESS] Command 3824: Successfully run removeHostsFromClouderaManager command.
2025-05-21 11:20:20 | [SUCCESS] Command 3842: Client configuration deployed and roles refreshed.
2025-05-21 11:20:20 | [INFO] Scale down completed.
2025-05-21 11:20:20 | [INFO] Step [remove_hosts] took 1 minutes and 40 seconds.
2025-05-21 11:20:20 | [INFO] Total time taken: 100 seconds.
2025-05-21 11:20:21 | [INFO] Total script execution time: 1 minutes and 41 seconds.
2025-05-21 11:28:53 | [INFO] Mode: run | Action: scaleup | Auth Mode: run
2025-05-21 11:29:27 | [SUCCESS] Command 3871: Successfully completed installation.
2025-05-21 11:29:27 | [INFO] Step [install_hosts] took 0 minutes and 34 seconds.
2025-05-21 11:29:29 | [INFO] Step [register_in_cluster] took 0 minutes and 2 seconds.
2025-05-21 11:29:30 | [INFO] Step [verify_commission] took 0 minutes and 1 seconds.
2025-05-21 11:29:30 | [INFO] Waiting for parcel activation on all new hosts...
2025-05-21 11:29:30 | [INFO] Parcel activation in progress. [0/2 activated]. Attempt 1 of 60...
2025-05-21 11:29:42 | [INFO] Parcel activation in progress. [0/2 activated]. Attempt 2 of 60...
2025-05-21 11:29:52 | [INFO] Parcel activation in progress. [0/2 activated]. Attempt 3 of 60...
2025-05-21 11:30:03 | [INFO] Parcel activation in progress. [0/2 activated]. Attempt 4 of 60...
2025-05-21 11:30:14 | [INFO] Parcel activation in progress. [0/2 activated]. Attempt 5 of 60...
2025-05-21 11:30:25 | [INFO] Parcel activation in progress. [0/2 activated]. Attempt 6 of 60...
2025-05-21 11:30:36 | [INFO] Parcel activation in progress. [0/2 activated]. Attempt 7 of 60...
2025-05-21 11:30:47 | [INFO] Parcel activation in progress. [0/2 activated]. Attempt 8 of 60...
2025-05-21 11:30:58 | [INFO] Parcel activation in progress. [0/2 activated]. Attempt 9 of 60...
2025-05-21 11:31:08 | [INFO] Parcel activation in progress. [0/2 activated]. Attempt 10 of 60...
2025-05-21 11:31:20 | [INFO] Parcel activation in progress. [0/2 activated]. Attempt 11 of 60...
2025-05-21 11:31:30 | [INFO] Parcel activation in progress. [0/2 activated]. Attempt 12 of 60...
2025-05-21 11:31:41 | [INFO] Parcel activation in progress. [0/2 activated]. Attempt 13 of 60...
2025-05-21 11:31:52 | [INFO] Parcel activation in progress. [0/2 activated]. Attempt 14 of 60...
2025-05-21 11:32:03 | [INFO] Parcel activation in progress. [0/2 activated]. Attempt 15 of 60...
2025-05-21 11:32:14 | [INFO] Parcel activation in progress. [0/2 activated]. Attempt 16 of 60...
2025-05-21 11:32:25 | [INFO] Parcel activation in progress. [0/2 activated]. Attempt 17 of 60...
2025-05-21 11:32:36 | [INFO] Parcel activation in progress. [0/2 activated]. Attempt 18 of 60...
2025-05-21 11:32:47 | [INFO] Parcel activation in progress. [0/2 activated]. Attempt 19 of 60...
2025-05-21 11:32:58 | [INFO] Parcel activation in progress. [0/2 activated]. Attempt 20 of 60...
2025-05-21 11:33:08 | [INFO] Parcel activation in progress. [0/2 activated]. Attempt 21 of 60...
2025-05-21 11:33:19 | [INFO] Parcel activation in progress. [0/2 activated]. Attempt 22 of 60...
2025-05-21 11:33:30 | [INFO] All parcels are activated. Proceeding.
2025-05-21 11:33:30 | [INFO] Step [wait_for_parcel_activation] took 4 minutes and 0 seconds.
2025-05-21 11:34:37 | [SUCCESS] Command 3873: Successfully started all the roles on selected hosts.
2025-05-21 11:34:37 | [INFO] Step [apply_host_template] took 1 minutes and 7 seconds.
2025-05-21 11:34:38 | [INFO] Step [verify_tags] took 0 minutes and 1 seconds.
2025-05-21 11:35:45 | [SUCCESS] Command 3886: Client configuration deployed and roles refreshed.
2025-05-21 11:35:45 | [INFO] Scale up completed successfully.
2025-05-21 11:35:45 | [INFO] Step [apply_stale_configs] took 1 minutes and 7 seconds.
2025-05-21 11:35:45 | [INFO] Total script execution time: 6 minutes and 52 seconds.
2025-05-21 12:47:14 | [INFO] Mode: run | Action: scaledown | Auth Mode: run
2025-05-21 12:47:43 | [INFO] Mode: run | Action: scaledown | Auth Mode: run
2025-05-21 12:48:18 | [SUCCESS] Command 3920: Successfully run removeHostsFromClouderaManager command.
2025-05-21 12:49:24 | [SUCCESS] Command 3938: Client configuration deployed and roles refreshed.
2025-05-21 12:49:24 | [INFO] Scale down completed.
2025-05-21 12:49:24 | [INFO] Step [remove_hosts] took 1 minutes and 41 seconds.
2025-05-21 12:49:24 | [INFO] Total script execution time: 1 minutes and 41 seconds.
2025-05-21 12:52:07 | [INFO] Mode: run | Action: scaleup | Auth Mode: run
2025-05-21 12:54:48 | [INFO] Mode: run | Action: scaleup | Auth Mode: plan
2025-05-21 12:55:22 | [SUCCESS] Command 3967: Successfully completed installation.
2025-05-21 12:55:22 | [INFO] Step [install_hosts] took 0 minutes and 34 seconds.
2025-05-21 12:55:24 | [INFO] Step [register_in_cluster] took 0 minutes and 2 seconds.
2025-05-21 12:55:25 | [INFO] Step [verify_commission] took 0 minutes and 1 seconds.
2025-05-21 12:55:25 | [INFO] Waiting for parcel activation on all new hosts...
2025-05-21 12:55:25 | [INFO] Parcel activation in progress. [0/2 activated]. Attempt 1 of 60...
2025-05-21 12:59:49 | [INFO] Mode: plan | Action: scaleup | Auth Mode: password
2025-05-21 12:59:49 | [PLAN] The following hosts will be processed:
2025-05-21 12:59:49 | [INFO] Total script execution time: 0 minutes and 0 seconds.
2025-05-21 12:59:54 | [INFO] Mode: plan | Action: scaleup | Auth Mode: password
2025-05-21 12:59:54 | [PLAN] The following hosts will be processed:
2025-05-21 12:59:54 | [INFO] Total script execution time: 0 minutes and 0 seconds.
2025-05-21 13:00:05 | [INFO] Mode: plan | Action: scaleup | Auth Mode: password
2025-05-21 13:00:05 | [PLAN] The following hosts will be processed:
2025-05-21 13:00:05 | [INFO] Total script execution time: 0 minutes and 0 seconds.
2025-05-21 13:00:15 | [INFO] Mode: dry-run | Action: scaleup | Auth Mode: password
2025-05-21 13:00:15 | [DRY-RUN] POST http://ccycloud-1.rajeshreddy.root.comops.site:7180/api/v31/cm/commands/hostInstall
2025-05-21 13:00:43 | [INFO] Mode: run | Action: scaleup | Auth Mode: password
2025-05-21 13:01:16 | [SUCCESS] Command 3969: Successfully completed installation.
2025-05-21 13:01:16 | [INFO] Step [install_hosts] took 0 minutes and 33 seconds.
2025-05-21 13:01:18 | [INFO] Step [register_in_cluster] took 0 minutes and 2 seconds.
2025-05-21 13:01:19 | [INFO] Step [verify_commission] took 0 minutes and 1 seconds.
2025-05-21 13:01:19 | [INFO] Waiting for parcel activation on all new hosts...
2025-05-21 13:01:19 | [INFO] All parcels are activated. Proceeding.
2025-05-21 13:01:19 | [INFO] Step [wait_for_parcel_activation] took 0 minutes and 0 seconds.
2025-05-21 13:02:27 | [SUCCESS] Command 3970: Successfully started all the roles on selected hosts.
2025-05-21 13:02:27 | [INFO] Step [apply_host_template] took 1 minutes and 8 seconds.
2025-05-21 13:02:28 | [INFO] Step [verify_tags] took 0 minutes and 1 seconds.
2025-05-21 13:03:36 | [SUCCESS] Command 3983: Client configuration deployed and roles refreshed.
2025-05-21 13:03:36 | [INFO] Scale up completed successfully.
2025-05-21 13:03:36 | [INFO] Step [apply_stale_configs] took 1 minutes and 8 seconds.
2025-05-21 13:03:36 | [INFO] Total script execution time: 2 minutes and 53 seconds.
2025-05-21 13:03:47 | [INFO] Mode: dry-run | Action: scaledown | Auth Mode: password
2025-05-21 13:03:47 | [DRY-RUN] POST http://ccycloud-1.rajeshreddy.root.comops.site:7180/api/v56/hosts/removeHostsFromCluster
2025-05-21 13:07:09 | [INFO] Mode: dry-run | Action: scaledown | Auth Mode: password
2025-05-21 13:07:09 | [DRY-RUN] POST http://ccycloud-1.rajeshreddy.root.comops.site:7180/api/v56/hosts/removeHostsFromCluster
2025-05-21 13:08:40 | [INFO] Mode: run | Action: scaledown | Auth Mode: password
2025-05-21 13:09:14 | [SUCCESS] Command 4015: Successfully run removeHostsFromClouderaManager command.
2025-05-21 13:10:22 | [SUCCESS] Command 4033: Client configuration deployed and roles refreshed.
2025-05-21 13:10:22 | [INFO] Scale down completed.
2025-05-21 13:10:22 | [INFO] Step [remove_hosts] took 1 minutes and 42 seconds.
2025-05-21 13:10:22 | [INFO] Total script execution time: 1 minutes and 42 seconds.
2025-05-21 13:13:37 | [INFO] Mode: run | Action: scaleup | Auth Mode: password
2025-05-21 13:14:26 | [INFO] Mode: run | Action: scaleup | Auth Mode: password
2025-05-21 13:15:12 | [SUCCESS] Command 4062: Successfully completed installation.
2025-05-21 13:15:12 | [INFO] Step [install_hosts] took 0 minutes and 46 seconds.
2025-05-21 13:15:14 | [INFO] Step [register_in_cluster] took 0 minutes and 2 seconds.
2025-05-21 13:15:14 | [INFO] Step [verify_commission] took 0 minutes and 0 seconds.
2025-05-21 13:15:14 | [INFO] Waiting for parcel activation on all new hosts...
2025-05-21 13:15:15 | [INFO] Parcel activation in progress. [0/2 activated]. Attempt 1 of 60...
2025-05-21 13:15:26 | [INFO] Parcel activation in progress. [0/2 activated]. Attempt 2 of 60...
2025-05-21 13:15:37 | [INFO] Parcel activation in progress. [0/2 activated]. Attempt 3 of 60...
2025-05-21 13:15:48 | [INFO] Parcel activation in progress. [0/2 activated]. Attempt 4 of 60...
2025-05-21 13:15:59 | [INFO] Parcel activation in progress. [0/2 activated]. Attempt 5 of 60...
2025-05-21 13:16:09 | [INFO] Parcel activation in progress. [0/2 activated]. Attempt 6 of 60...
2025-05-21 13:16:20 | [INFO] Parcel activation in progress. [0/2 activated]. Attempt 7 of 60...
2025-05-21 13:16:31 | [INFO] Parcel activation in progress. [0/2 activated]. Attempt 8 of 60...
2025-05-21 13:16:42 | [INFO] Parcel activation in progress. [0/2 activated]. Attempt 9 of 60...
2025-05-21 13:16:53 | [INFO] Parcel activation in progress. [0/2 activated]. Attempt 10 of 60...
2025-05-21 13:17:04 | [INFO] Parcel activation in progress. [0/2 activated]. Attempt 11 of 60...
2025-05-21 13:17:14 | [INFO] Parcel activation in progress. [0/2 activated]. Attempt 12 of 60...
2025-05-21 13:17:25 | [INFO] Parcel activation in progress. [0/2 activated]. Attempt 13 of 60...
2025-05-21 13:19:53 | [INFO] Mode: run | Action: scaleup | Auth Mode: password
2025-05-21 13:20:38 | [SUCCESS] Command 4065: Successfully completed installation.
2025-05-21 13:20:38 | [INFO] Step [install_hosts] took 0 minutes and 45 seconds.
2025-05-21 13:20:39 | [INFO] Step [register_in_cluster] took 0 minutes and 1 seconds.
2025-05-21 13:20:40 | [INFO] Step [verify_commission] took 0 minutes and 1 seconds.
2025-05-21 13:20:40 | [INFO] Waiting for parcel activation on all new hosts...
2025-05-21 13:20:42 | [INFO] All parcels are activated. Proceeding.
2025-05-21 13:20:42 | [INFO] Step [wait_for_parcel_activation] took 0 minutes and 2 seconds.
2025-05-21 13:21:49 | [SUCCESS] Command 4066: Successfully started all the roles on selected hosts.
2025-05-21 13:21:49 | [INFO] Step [apply_host_template] took 1 minutes and 7 seconds.
2025-05-21 13:21:50 | [INFO] Step [verify_tags] took 0 minutes and 1 seconds.
2025-05-21 13:22:56 | [SUCCESS] Command 4079: Client configuration deployed and roles refreshed.
2025-05-21 13:22:56 | [INFO] Scale up completed successfully.
2025-05-21 13:22:56 | [INFO] Step [apply_stale_configs] took 1 minutes and 6 seconds.
2025-05-21 13:22:56 | [INFO] Total script execution time: 3 minutes and 3 seconds.
